<?xml version="1.0" encoding="UTF-8"?>
<robot generator="Robot 7.3.2 (Python 3.9.6 on darwin)" generated="2025-11-22T14:12:49.773128" rpa="false" schemaversion="5">
<suite id="s1" name="Test" source="/Users/adisatriapp/Documents/PMS (Performance Management System)/repo pms/e2e-pms/src/tests/test.robot">
<test id="s1-t1" name="Example Test" line="6">
<kw name="Log" owner="BuiltIn">
<msg time="2025-11-22T14:12:49.843092" level="INFO">Hello Robot Framework!</msg>
<arg>Hello Robot Framework!</arg>
<doc>Logs the given message with the given level.</doc>
<status status="PASS" start="2025-11-22T14:12:49.843020" elapsed="0.000100"/>
</kw>
<status status="PASS" start="2025-11-22T14:12:49.842577" elapsed="0.000628"/>
</test>
<status status="PASS" start="2025-11-22T14:12:49.773706" elapsed="0.069657"/>
</suite>
<statistics>
<total>
<stat pass="1" fail="0" skip="0">All Tests</stat>
</total>
<tag>
</tag>
<suite>
<stat name="Test" id="s1" pass="1" fail="0" skip="0">Test</stat>
</suite>
</statistics>
<errors>
</errors>
</robot>
